# JRE version: OpenJDK Runtime Environment Temurin-21.0.11+10 (21.0.11+10) (build 21.0.11+10-LTS)
# Java VM: OpenJDK 64-Bit Server VM Temurin-21.0.11+10 (21.0.11+10-LTS, mixed mode, sharing, tiered, compressed oops, compressed class ptrs, parallel gc, windows-amd64)
GC Precious Log:
 CardTable entry size: 512
 CPUs: 12 total, 12 available
 Memory: 7971M
 Large Page Support: Disabled
 NUMA Support: Disabled
 Compressed Oops: Enabled (32-bit)
 Alignments: Space 512K, Generation 512K, Heap 2M
 Heap Min Capacity: 100M
 Heap Initial Capacity: 100M
 Heap Max Capacity: 2G
 Pre-touch: Disabled
 Parallel Workers: 10
Heap:
 PSYoungGen      total 14336K, used 14107K [0x00000000d5580000, 0x00000000d6600000, 0x0000000100000000)
  eden space 12800K, 100% used [0x00000000d5580000,0x00000000d6200000,0x00000000d6200000)
  from space 1536K, 85% used [0x00000000d6200000,0x00000000d6346ff8,0x00000000d6380000)
  to   space 2048K, 0% used [0x00000000d6400000,0x00000000d6400000,0x00000000d6600000)
 ParOldGen       total 121856K, used 121855K [0x0000000080000000, 0x0000000087700000, 0x00000000d5580000)
  object space 121856K, 99% used [0x0000000080000000,0x00000000876fffb0,0x0000000087700000)
 Metaspace       used 70755K, committed 72384K, reserved 1114112K
  class space    used 7300K, committed 8000K, reserved 1048576K
GC Heap History (20 events):
Event: 18.444 GC heap before
{Heap before GC invocations=123 (full 3):
 PSYoungGen      total 17408K, used 16736K [0x00000000d5580000, 0x00000000d6700000, 0x0000000100000000)
  eden space 16384K, 100% used [0x00000000d5580000,0x00000000d6580000,0x00000000d6580000)
  from space 1024K, 34% used [0x00000000d6580000,0x00000000d65d8000,0x00000000d6680000)
  to   space 512K, 0% used [0x00000000d6680000,0x00000000d6680000,0x00000000d6700000)
 ParOldGen       total 111616K, used 111510K [0x0000000080000000, 0x0000000086d00000, 0x00000000d5580000)
  object space 111616K, 99% used [0x0000000080000000,0x0000000086ce5b40,0x0000000086d00000)
 Metaspace       used 68793K, committed 70400K, reserved 1114112K
  class space    used 7145K, committed 7872K, reserved 1048576K
}
Event: 18.445 GC heap after
{Heap after GC invocations=123 (full 3):
 PSYoungGen      total 16896K, used 352K [0x00000000d5580000, 0x00000000d6700000, 0x0000000100000000)
  eden space 16384K, 0% used [0x00000000d5580000,0x00000000d5580000,0x00000000d6580000)
  from space 512K, 68% used [0x00000000d6680000,0x00000000d66d8000,0x00000000d6700000)
  to   space 512K, 0% used [0x00000000d6600000,0x00000000d6600000,0x00000000d6680000)
 ParOldGen       total 112128K, used 111678K [0x0000000080000000, 0x0000000086d80000, 0x00000000d5580000)
  object space 112128K, 99% used [0x0000000080000000,0x0000000086d0fb40,0x0000000086d80000)
 Metaspace       used 68793K, committed 70400K, reserved 1114112K
  class space    used 7145K, committed 7872K, reserved 1048576K
}
Event: 18.456 GC heap before
{Heap before GC invocations=124 (full 3):
 PSYoungGen      total 16896K, used 16736K [0x00000000d5580000, 0x00000000d6700000, 0x0000000100000000)
  eden space 16384K, 100% used [0x00000000d5580000,0x00000000d6580000,0x00000000d6580000)
  from space 512K, 68% used [0x00000000d6680000,0x00000000d66d8000,0x00000000d6700000)
  to   space 512K, 0% used [0x00000000d6600000,0x00000000d6600000,0x00000000d6680000)
 ParOldGen       total 112128K, used 111678K [0x0000000080000000, 0x0000000086d80000, 0x00000000d5580000)
  object space 112128K, 99% used [0x0000000080000000,0x0000000086d0fb40,0x0000000086d80000)
 Metaspace       used 68794K, committed 70400K, reserved 1114112K
  class space    used 7145K, committed 7872K, reserved 1048576K
}
Event: 18.457 GC heap after
{Heap after GC invocations=124 (full 3):
 PSYoungGen      total 16896K, used 352K [0x00000000d5580000, 0x00000000d6700000, 0x0000000100000000)
  eden space 16384K, 0% used [0x00000000d5580000,0x00000000d5580000,0x00000000d6580000)
  from space 512K, 68% used [0x00000000d6600000,0x00000000d6658000,0x00000000d6680000)
  to   space 512K, 0% used [0x00000000d6680000,0x00000000d6680000,0x00000000d6700000)
 ParOldGen       total 112128K, used 111814K [0x0000000080000000, 0x0000000086d80000, 0x00000000d5580000)
  object space 112128K, 99% used [0x0000000080000000,0x0000000086d31b40,0x0000000086d80000)
 Metaspace       used 68794K, committed 70400K, reserved 1114112K
  class space    used 7145K, committed 7872K, reserved 1048576K
}
Event: 18.467 GC heap before
{Heap before GC invocations=125 (full 3):
 PSYoungGen      total 16896K, used 16736K [0x00000000d5580000, 0x00000000d6700000, 0x0000000100000000)
  eden space 16384K, 100% used [0x00000000d5580000,0x00000000d6580000,0x00000000d6580000)
  from space 512K, 68% used [0x00000000d6600000,0x00000000d6658000,0x00000000d6680000)
  to   space 512K, 0% used [0x00000000d6680000,0x00000000d6680000,0x00000000d6700000)
 ParOldGen       total 112128K, used 111814K [0x0000000080000000, 0x0000000086d80000, 0x00000000d5580000)
  object space 112128K, 99% used [0x0000000080000000,0x0000000086d31b40,0x0000000086d80000)
 Metaspace       used 68796K, committed 70400K, reserved 1114112K
  class space    used 7145K, committed 7872K, reserved 1048576K
}
Event: 18.468 GC heap after
{Heap after GC invocations=125 (full 3):
 PSYoungGen      total 16896K, used 384K [0x00000000d5580000, 0x00000000d6700000, 0x0000000100000000)
  eden space 16384K, 0% used [0x00000000d5580000,0x00000000d5580000,0x00000000d6580000)
  from space 512K, 75% used [0x00000000d6680000,0x00000000d66e0000,0x00000000d6700000)
  to   space 512K, 0% used [0x00000000d6600000,0x00000000d6600000,0x00000000d6680000)
 ParOldGen       total 112128K, used 111958K [0x0000000080000000, 0x0000000086d80000, 0x00000000d5580000)
  object space 112128K, 99% used [0x0000000080000000,0x0000000086d55b40,0x0000000086d80000)
 Metaspace       used 68796K, committed 70400K, reserved 1114112K
  class space    used 7145K, committed 7872K, reserved 1048576K
}
Event: 18.540 GC heap before
{Heap before GC invocations=126 (full 3):
 PSYoungGen      total 16896K, used 16768K [0x00000000d5580000, 0x00000000d6700000, 0x0000000100000000)
  eden space 16384K, 100% used [0x00000000d5580000,0x00000000d6580000,0x00000000d6580000)
  from space 512K, 75% used [0x00000000d6680000,0x00000000d66e0000,0x00000000d6700000)
  to   space 512K, 0% used [0x00000000d6600000,0x00000000d6600000,0x00000000d6680000)
 ParOldGen       total 112128K, used 111958K [0x0000000080000000, 0x0000000086d80000, 0x00000000d5580000)
  object space 112128K, 99% used [0x0000000080000000,0x0000000086d55b40,0x0000000086d80000)
 Metaspace       used 68965K, committed 70528K, reserved 1114112K
  class space    used 7171K, committed 7872K, reserved 1048576K
}
Event: 18.542 GC heap after
{Heap after GC invocations=126 (full 3):
 PSYoungGen      total 16896K, used 505K [0x00000000d5580000, 0x00000000d6a80000, 0x0000000100000000)
  eden space 16384K, 0% used [0x00000000d5580000,0x00000000d5580000,0x00000000d6580000)
  from space 512K, 98% used [0x00000000d6600000,0x00000000d667e468,0x00000000d6680000)
  to   space 2560K, 0% used [0x00000000d6800000,0x00000000d6800000,0x00000000d6a80000)
 ParOldGen       total 113664K, used 113502K [0x0000000080000000, 0x0000000086f00000, 0x00000000d5580000)
  object space 113664K, 99% used [0x0000000080000000,0x0000000086ed7a30,0x0000000086f00000)
 Metaspace       used 68965K, committed 70528K, reserved 1114112K
  class space    used 7171K, committed 7872K, reserved 1048576K
}
Event: 18.609 GC heap before
{Heap before GC invocations=127 (full 3):
 PSYoungGen      total 16896K, used 16889K [0x00000000d5580000, 0x00000000d6a80000, 0x0000000100000000)
  eden space 16384K, 99% used [0x00000000d5580000,0x00000000d657ffe8,0x00000000d6580000)
  from space 512K, 98% used [0x00000000d6600000,0x00000000d667e468,0x00000000d6680000)
  to   space 2560K, 0% used [0x00000000d6800000,0x00000000d6800000,0x00000000d6a80000)
 ParOldGen       total 113664K, used 113502K [0x0000000080000000, 0x0000000086f00000, 0x00000000d5580000)
  object space 113664K, 99% used [0x0000000080000000,0x0000000086ed7a30,0x0000000086f00000)
 Metaspace       used 69018K, committed 70592K, reserved 1114112K
  class space    used 7172K, committed 7872K, reserved 1048576K
}
Event: 18.612 GC heap after
{Heap after GC invocations=127 (full 3):
 PSYoungGen      total 15360K, used 2529K [0x00000000d5580000, 0x00000000d7180000, 0x0000000100000000)
  eden space 12800K, 0% used [0x00000000d5580000,0x00000000d5580000,0x00000000d6200000)
  from space 2560K, 98% used [0x00000000d6800000,0x00000000d6a78788,0x00000000d6a80000)
  to   space 6144K, 0% used [0x00000000d6200000,0x00000000d6200000,0x00000000d6800000)
 ParOldGen       total 116224K, used 116030K [0x0000000080000000, 0x0000000087180000, 0x00000000d5580000)
  object space 116224K, 99% used [0x0000000080000000,0x000000008714f988,0x0000000087180000)
 Metaspace       used 69018K, committed 70592K, reserved 1114112K
  class space    used 7172K, committed 7872K, reserved 1048576K
}
Event: 18.633 GC heap before
{Heap before GC invocations=128 (full 3):
 PSYoungGen      total 15360K, used 15329K [0x00000000d5580000, 0x00000000d7180000, 0x0000000100000000)
  eden space 12800K, 100% used [0x00000000d5580000,0x00000000d6200000,0x00000000d6200000)
  from space 2560K, 98% used [0x00000000d6800000,0x00000000d6a78788,0x00000000d6a80000)
  to   space 6144K, 0% used [0x00000000d6200000,0x00000000d6200000,0x00000000d6800000)
 ParOldGen       total 116224K, used 116030K [0x0000000080000000, 0x0000000087180000, 0x00000000d5580000)
  object space 116224K, 99% used [0x0000000080000000,0x000000008714f988,0x0000000087180000)
 Metaspace       used 69057K, committed 70720K, reserved 1114112K
  class space    used 7173K, committed 7872K, reserved 1048576K
}
Event: 18.636 GC heap after
{Heap after GC invocations=128 (full 3):
 PSYoungGen      total 14848K, used 1797K [0x00000000d5580000, 0x00000000d6880000, 0x0000000100000000)
  eden space 12800K, 0% used [0x00000000d5580000,0x00000000d5580000,0x00000000d6200000)
  from space 2048K, 87% used [0x00000000d6200000,0x00000000d63c17d0,0x00000000d6400000)
  to   space 3072K, 0% used [0x00000000d6580000,0x00000000d6580000,0x00000000d6880000)
 ParOldGen       total 118784K, used 118550K [0x0000000080000000, 0x0000000087400000, 0x00000000d5580000)
  object space 118784K, 99% used [0x0000000080000000,0x00000000873c5a58,0x0000000087400000)
 Metaspace       used 69057K, committed 70720K, reserved 1114112K
  class space    used 7173K, committed 7872K, reserved 1048576K
}
Event: 18.653 GC heap before
{Heap before GC invocations=129 (full 3):
 PSYoungGen      total 14848K, used 14527K [0x00000000d5580000, 0x00000000d6880000, 0x0000000100000000)
  eden space 12800K, 99% used [0x00000000d5580000,0x00000000d61ee5d8,0x00000000d6200000)
  from space 2048K, 87% used [0x00000000d6200000,0x00000000d63c17d0,0x00000000d6400000)
  to   space 3072K, 0% used [0x00000000d6580000,0x00000000d6580000,0x00000000d6880000)
 ParOldGen       total 118784K, used 118550K [0x0000000080000000, 0x0000000087400000, 0x00000000d5580000)
  object space 118784K, 99% used [0x0000000080000000,0x00000000873c5a58,0x0000000087400000)
 Metaspace       used 69156K, committed 70784K, reserved 1114112K
  class space    used 7176K, committed 7872K, reserved 1048576K
}
Event: 18.654 GC heap after
{Heap after GC invocations=129 (full 3):
 PSYoungGen      total 13312K, used 429K [0x00000000d5580000, 0x00000000d6600000, 0x0000000100000000)
  eden space 12800K, 0% used [0x00000000d5580000,0x00000000d5580000,0x00000000d6200000)
  from space 512K, 83% used [0x00000000d6580000,0x00000000d65eb680,0x00000000d6600000)
  to   space 1536K, 0% used [0x00000000d6300000,0x00000000d6300000,0x00000000d6480000)
 ParOldGen       total 119808K, used 119746K [0x0000000080000000, 0x0000000087500000, 0x00000000d5580000)
  object space 119808K, 99% used [0x0000000080000000,0x00000000874f0be0,0x0000000087500000)
 Metaspace       used 69156K, committed 70784K, reserved 1114112K
  class space    used 7176K, committed 7872K, reserved 1048576K
}
Event: 18.691 GC heap before
{Heap before GC invocations=130 (full 3):
 PSYoungGen      total 13312K, used 13229K [0x00000000d5580000, 0x00000000d6600000, 0x0000000100000000)
  eden space 12800K, 99% used [0x00000000d5580000,0x00000000d61fffe0,0x00000000d6200000)
  from space 512K, 83% used [0x00000000d6580000,0x00000000d65eb680,0x00000000d6600000)
  to   space 1536K, 0% used [0x00000000d6300000,0x00000000d6300000,0x00000000d6480000)
 ParOldGen       total 119808K, used 119746K [0x0000000080000000, 0x0000000087500000, 0x00000000d5580000)
  object space 119808K, 99% used [0x0000000080000000,0x00000000874f0be0,0x0000000087500000)
 Metaspace       used 69386K, committed 71040K, reserved 1114112K
  class space    used 7179K, committed 7872K, reserved 1048576K
}
Event: 18.692 GC heap after
{Heap after GC invocations=130 (full 3):
 PSYoungGen      total 14336K, used 416K [0x00000000d5580000, 0x00000000d6600000, 0x0000000100000000)
  eden space 12800K, 0% used [0x00000000d5580000,0x00000000d5580000,0x00000000d6200000)
  from space 1536K, 27% used [0x00000000d6300000,0x00000000d6368000,0x00000000d6480000)
  to   space 1024K, 0% used [0x00000000d6500000,0x00000000d6500000,0x00000000d6600000)
 ParOldGen       total 119808K, used 119778K [0x0000000080000000, 0x0000000087500000, 0x00000000d5580000)
  object space 119808K, 99% used [0x0000000080000000,0x00000000874f8be0,0x0000000087500000)
 Metaspace       used 69386K, committed 71040K, reserved 1114112K
  class space    used 7179K, committed 7872K, reserved 1048576K
}
Event: 18.796 GC heap before
{Heap before GC invocations=131 (full 3):
 PSYoungGen      total 14336K, used 13216K [0x00000000d5580000, 0x00000000d6600000, 0x0000000100000000)
  eden space 12800K, 100% used [0x00000000d5580000,0x00000000d6200000,0x00000000d6200000)
  from space 1536K, 27% used [0x00000000d6300000,0x00000000d6368000,0x00000000d6480000)
  to   space 1024K, 0% used [0x00000000d6500000,0x00000000d6500000,0x00000000d6600000)
 ParOldGen       total 119808K, used 119778K [0x0000000080000000, 0x0000000087500000, 0x00000000d5580000)
  object space 119808K, 99% used [0x0000000080000000,0x00000000874f8be0,0x0000000087500000)
 Metaspace       used 70070K, committed 71680K, reserved 1114112K
  class space    used 7241K, committed 7936K, reserved 1048576K
}
Event: 18.798 GC heap after
{Heap after GC invocations=131 (full 3):
 PSYoungGen      total 13824K, used 1003K [0x00000000d5580000, 0x00000000d6700000, 0x0000000100000000)
  eden space 12800K, 0% used [0x00000000d5580000,0x00000000d5580000,0x00000000d6200000)
  from space 1024K, 98% used [0x00000000d6500000,0x00000000d65fafc8,0x00000000d6600000)
  to   space 2560K, 0% used [0x00000000d6200000,0x00000000d6200000,0x00000000d6480000)
 ParOldGen       total 120832K, used 120740K [0x0000000080000000, 0x0000000087600000, 0x00000000d5580000)
  object space 120832K, 99% used [0x0000000080000000,0x00000000875e9050,0x0000000087600000)
 Metaspace       used 70070K, committed 71680K, reserved 1114112K
  class space    used 7241K, committed 7936K, reserved 1048576K
}
Event: 18.867 GC heap before
{Heap before GC invocations=132 (full 3):
 PSYoungGen      total 13824K, used 13803K [0x00000000d5580000, 0x00000000d6700000, 0x0000000100000000)
  eden space 12800K, 100% used [0x00000000d5580000,0x00000000d6200000,0x00000000d6200000)
  from space 1024K, 98% used [0x00000000d6500000,0x00000000d65fafc8,0x00000000d6600000)
  to   space 2560K, 0% used [0x00000000d6200000,0x00000000d6200000,0x00000000d6480000)
 ParOldGen       total 120832K, used 120740K [0x0000000080000000, 0x0000000087600000, 0x00000000d5580000)
  object space 120832K, 99% used [0x0000000080000000,0x00000000875e9050,0x0000000087600000)
 Metaspace       used 70599K, committed 72256K, reserved 1114112K
  class space    used 7286K, committed 8000K, reserved 1048576K
}
Event: 18.869 GC heap after
{Heap after GC invocations=132 (full 3):
 PSYoungGen      total 14336K, used 1307K [0x00000000d5580000, 0x00000000d6600000, 0x0000000100000000)
  eden space 12800K, 0% used [0x00000000d5580000,0x00000000d5580000,0x00000000d6200000)
  from space 1536K, 85% used [0x00000000d6200000,0x00000000d6346ff8,0x00000000d6380000)
  to   space 2048K, 0% used [0x00000000d6400000,0x00000000d6400000,0x00000000d6600000)
 ParOldGen       total 121856K, used 121837K [0x0000000080000000, 0x0000000087700000, 0x00000000d5580000)
  object space 121856K, 99% used [0x0000000080000000,0x00000000876fb580,0x0000000087700000)
 Metaspace       used 70599K, committed 72256K, reserved 1114112K
  class space    used 7286K, committed 8000K, reserved 1048576K
}

