# JRE version: OpenJDK Runtime Environment Temurin-21.0.11+10 (21.0.11+10) (build 21.0.11+10-LTS)
# Java VM: OpenJDK 64-Bit Server VM Temurin-21.0.11+10 (21.0.11+10-LTS, mixed mode, sharing, tiered, compressed oops, compressed class ptrs, parallel gc, windows-amd64)
GC Precious Log:
 CardTable entry size: 512
 CPUs: 12 total, 12 available
 Memory: 7971M
 Large Page Support: Disabled
 NUMA Support: Disabled
 Compressed Oops: Enabled (32-bit)
 Alignments: Space 512K, Generation 512K, Heap 2M
 Heap Min Capacity: 100M
 Heap Initial Capacity: 100M
 Heap Max Capacity: 2G
 Pre-touch: Disabled
 Parallel Workers: 10
Heap:
 PSYoungGen      total 9216K, used 7831K [0x00000000d5580000, 0x00000000d6100000, 0x0000000100000000)
  eden space 8192K, 83% used [0x00000000d5580000,0x00000000d5c2a4d0,0x00000000d5d80000)
  from space 1024K, 98% used [0x00000000d5f00000,0x00000000d5ffb7d8,0x00000000d6000000)
  to   space 1536K, 0% used [0x00000000d5d80000,0x00000000d5d80000,0x00000000d5f00000)
 ParOldGen       total 129024K, used 128702K [0x0000000080000000, 0x0000000087e00000, 0x00000000d5580000)
  object space 129024K, 99% used [0x0000000080000000,0x0000000087dafa58,0x0000000087e00000)
 Metaspace       used 71135K, committed 72704K, reserved 1114112K
  class space    used 7392K, committed 8064K, reserved 1048576K
GC Heap History (20 events):
Event: 15.420 GC heap before
{Heap before GC invocations=169 (full 3):
 PSYoungGen      total 10752K, used 10595K [0x00000000d5580000, 0x00000000d6300000, 0x0000000100000000)
  eden space 8704K, 100% used [0x00000000d5580000,0x00000000d5e00000,0x00000000d5e00000)
  from space 2048K, 92% used [0x00000000d5e80000,0x00000000d6058eb0,0x00000000d6080000)
  to   space 2560K, 0% used [0x00000000d6080000,0x00000000d6080000,0x00000000d6300000)
 ParOldGen       total 120320K, used 120285K [0x0000000080000000, 0x0000000087580000, 0x00000000d5580000)
  object space 120320K, 99% used [0x0000000080000000,0x0000000087577458,0x0000000087580000)
 Metaspace       used 69256K, committed 70912K, reserved 1114112K
  class space    used 7232K, committed 7936K, reserved 1048576K
}
Event: 15.422 GC heap after
{Heap after GC invocations=169 (full 3):
 PSYoungGen      total 11264K, used 2022K [0x00000000d5580000, 0x00000000d6300000, 0x0000000100000000)
  eden space 8704K, 0% used [0x00000000d5580000,0x00000000d5580000,0x00000000d5e00000)
  from space 2560K, 79% used [0x00000000d6080000,0x00000000d6279af8,0x00000000d6300000)
  to   space 2560K, 0% used [0x00000000d5e00000,0x00000000d5e00000,0x00000000d6080000)
 ParOldGen       total 121344K, used 121179K [0x0000000080000000, 0x0000000087680000, 0x00000000d5580000)
  object space 121344K, 99% used [0x0000000080000000,0x0000000087656df8,0x0000000087680000)
 Metaspace       used 69256K, committed 70912K, reserved 1114112K
  class space    used 7232K, committed 7936K, reserved 1048576K
}
Event: 15.441 GC heap before
{Heap before GC invocations=170 (full 3):
 PSYoungGen      total 11264K, used 10726K [0x00000000d5580000, 0x00000000d6300000, 0x0000000100000000)
  eden space 8704K, 100% used [0x00000000d5580000,0x00000000d5e00000,0x00000000d5e00000)
  from space 2560K, 79% used [0x00000000d6080000,0x00000000d6279af8,0x00000000d6300000)
  to   space 2560K, 0% used [0x00000000d5e00000,0x00000000d5e00000,0x00000000d6080000)
 ParOldGen       total 121344K, used 121179K [0x0000000080000000, 0x0000000087680000, 0x00000000d5580000)
  object space 121344K, 99% used [0x0000000080000000,0x0000000087656df8,0x0000000087680000)
 Metaspace       used 69265K, committed 70912K, reserved 1114112K
  class space    used 7232K, committed 7936K, reserved 1048576K
}
Event: 15.443 GC heap after
{Heap after GC invocations=170 (full 3):
 PSYoungGen      total 10752K, used 1780K [0x00000000d5580000, 0x00000000d6200000, 0x0000000100000000)
  eden space 8704K, 0% used [0x00000000d5580000,0x00000000d5580000,0x00000000d5e00000)
  from space 2048K, 86% used [0x00000000d5e00000,0x00000000d5fbd298,0x00000000d6000000)
  to   space 2048K, 0% used [0x00000000d6000000,0x00000000d6000000,0x00000000d6200000)
 ParOldGen       total 122368K, used 121947K [0x0000000080000000, 0x0000000087780000, 0x00000000d5580000)
  object space 122368K, 99% used [0x0000000080000000,0x0000000087716e88,0x0000000087780000)
 Metaspace       used 69265K, committed 70912K, reserved 1114112K
  class space    used 7232K, committed 7936K, reserved 1048576K
}
Event: 15.454 GC heap before
{Heap before GC invocations=171 (full 3):
 PSYoungGen      total 10752K, used 10479K [0x00000000d5580000, 0x00000000d6200000, 0x0000000100000000)
  eden space 8704K, 99% used [0x00000000d5580000,0x00000000d5dfec08,0x00000000d5e00000)
  from space 2048K, 86% used [0x00000000d5e00000,0x00000000d5fbd298,0x00000000d6000000)
  to   space 2048K, 0% used [0x00000000d6000000,0x00000000d6000000,0x00000000d6200000)
 ParOldGen       total 122368K, used 121947K [0x0000000080000000, 0x0000000087780000, 0x00000000d5580000)
  object space 122368K, 99% used [0x0000000080000000,0x0000000087716e88,0x0000000087780000)
 Metaspace       used 69267K, committed 70912K, reserved 1114112K
  class space    used 7232K, committed 7936K, reserved 1048576K
}
Event: 15.456 GC heap after
{Heap after GC invocations=171 (full 3):
 PSYoungGen      total 10240K, used 1093K [0x00000000d5580000, 0x00000000d6180000, 0x0000000100000000)
  eden space 8704K, 0% used [0x00000000d5580000,0x00000000d5580000,0x00000000d5e00000)
  from space 1536K, 71% used [0x00000000d6000000,0x00000000d61117f0,0x00000000d6180000)
  to   space 1536K, 0% used [0x00000000d5e80000,0x00000000d5e80000,0x00000000d6000000)
 ParOldGen       total 122880K, used 122814K [0x0000000080000000, 0x0000000087800000, 0x00000000d5580000)
  object space 122880K, 99% used [0x0000000080000000,0x00000000877efb50,0x0000000087800000)
 Metaspace       used 69267K, committed 70912K, reserved 1114112K
  class space    used 7232K, committed 7936K, reserved 1048576K
}
Event: 15.477 GC heap before
{Heap before GC invocations=172 (full 3):
 PSYoungGen      total 10240K, used 9797K [0x00000000d5580000, 0x00000000d6180000, 0x0000000100000000)
  eden space 8704K, 100% used [0x00000000d5580000,0x00000000d5e00000,0x00000000d5e00000)
  from space 1536K, 71% used [0x00000000d6000000,0x00000000d61117f0,0x00000000d6180000)
  to   space 1536K, 0% used [0x00000000d5e80000,0x00000000d5e80000,0x00000000d6000000)
 ParOldGen       total 122880K, used 122814K [0x0000000080000000, 0x0000000087800000, 0x00000000d5580000)
  object space 122880K, 99% used [0x0000000080000000,0x00000000877efb50,0x0000000087800000)
 Metaspace       used 69437K, committed 71040K, reserved 1114112K
  class space    used 7234K, committed 7936K, reserved 1048576K
}
Event: 15.479 GC heap after
{Heap after GC invocations=172 (full 3):
 PSYoungGen      total 9728K, used 576K [0x00000000d5580000, 0x00000000d6080000, 0x0000000100000000)
  eden space 8704K, 0% used [0x00000000d5580000,0x00000000d5580000,0x00000000d5e00000)
  from space 1024K, 56% used [0x00000000d5e80000,0x00000000d5f10000,0x00000000d5f80000)
  to   space 1024K, 0% used [0x00000000d5f80000,0x00000000d5f80000,0x00000000d6080000)
 ParOldGen       total 123392K, used 123345K [0x0000000080000000, 0x0000000087880000, 0x00000000d5580000)
  object space 123392K, 99% used [0x0000000080000000,0x00000000878744f0,0x0000000087880000)
 Metaspace       used 69437K, committed 71040K, reserved 1114112K
  class space    used 7234K, committed 7936K, reserved 1048576K
}
Event: 15.510 GC heap before
{Heap before GC invocations=173 (full 3):
 PSYoungGen      total 9728K, used 9277K [0x00000000d5580000, 0x00000000d6080000, 0x0000000100000000)
  eden space 8704K, 99% used [0x00000000d5580000,0x00000000d5dff400,0x00000000d5e00000)
  from space 1024K, 56% used [0x00000000d5e80000,0x00000000d5f10000,0x00000000d5f80000)
  to   space 1024K, 0% used [0x00000000d5f80000,0x00000000d5f80000,0x00000000d6080000)
 ParOldGen       total 123392K, used 123345K [0x0000000080000000, 0x0000000087880000, 0x00000000d5580000)
  object space 123392K, 99% used [0x0000000080000000,0x00000000878744f0,0x0000000087880000)
 Metaspace       used 69806K, committed 71488K, reserved 1114112K
  class space    used 7272K, committed 8000K, reserved 1048576K
}
Event: 15.511 GC heap after
{Heap after GC invocations=173 (full 3):
 PSYoungGen      total 9216K, used 1008K [0x00000000d5580000, 0x00000000d6200000, 0x0000000100000000)
  eden space 8192K, 0% used [0x00000000d5580000,0x00000000d5580000,0x00000000d5d80000)
  from space 1024K, 98% used [0x00000000d5f80000,0x00000000d607c320,0x00000000d6080000)
  to   space 2048K, 0% used [0x00000000d5d80000,0x00000000d5d80000,0x00000000d5f80000)
 ParOldGen       total 124416K, used 123920K [0x0000000080000000, 0x0000000087980000, 0x00000000d5580000)
  object space 124416K, 99% used [0x0000000080000000,0x0000000087904038,0x0000000087980000)
 Metaspace       used 69806K, committed 71488K, reserved 1114112K
  class space    used 7272K, committed 8000K, reserved 1048576K
}
Event: 15.541 GC heap before
{Heap before GC invocations=174 (full 3):
 PSYoungGen      total 9216K, used 9200K [0x00000000d5580000, 0x00000000d6200000, 0x0000000100000000)
  eden space 8192K, 100% used [0x00000000d5580000,0x00000000d5d80000,0x00000000d5d80000)
  from space 1024K, 98% used [0x00000000d5f80000,0x00000000d607c320,0x00000000d6080000)
  to   space 2048K, 0% used [0x00000000d5d80000,0x00000000d5d80000,0x00000000d5f80000)
 ParOldGen       total 124416K, used 123920K [0x0000000080000000, 0x0000000087980000, 0x00000000d5580000)
  object space 124416K, 99% used [0x0000000080000000,0x0000000087904038,0x0000000087980000)
 Metaspace       used 70185K, committed 71808K, reserved 1114112K
  class space    used 7299K, committed 8000K, reserved 1048576K
}
Event: 15.543 GC heap after
{Heap after GC invocations=174 (full 3):
 PSYoungGen      total 9728K, used 1362K [0x00000000d5580000, 0x00000000d6080000, 0x0000000100000000)
  eden space 8192K, 0% used [0x00000000d5580000,0x00000000d5580000,0x00000000d5d80000)
  from space 1536K, 88% used [0x00000000d5d80000,0x00000000d5ed4a20,0x00000000d5f00000)
  to   space 1536K, 0% used [0x00000000d5f00000,0x00000000d5f00000,0x00000000d6080000)
 ParOldGen       total 124928K, used 124901K [0x0000000080000000, 0x0000000087a00000, 0x00000000d5580000)
  object space 124928K, 99% used [0x0000000080000000,0x00000000879f9600,0x0000000087a00000)
 Metaspace       used 70185K, committed 71808K, reserved 1114112K
  class space    used 7299K, committed 8000K, reserved 1048576K
}
Event: 15.591 GC heap before
{Heap before GC invocations=175 (full 3):
 PSYoungGen      total 9728K, used 9554K [0x00000000d5580000, 0x00000000d6080000, 0x0000000100000000)
  eden space 8192K, 100% used [0x00000000d5580000,0x00000000d5d80000,0x00000000d5d80000)
  from space 1536K, 88% used [0x00000000d5d80000,0x00000000d5ed4a20,0x00000000d5f00000)
  to   space 1536K, 0% used [0x00000000d5f00000,0x00000000d5f00000,0x00000000d6080000)
 ParOldGen       total 124928K, used 124901K [0x0000000080000000, 0x0000000087a00000, 0x00000000d5580000)
  object space 124928K, 99% used [0x0000000080000000,0x00000000879f9600,0x0000000087a00000)
 Metaspace       used 70490K, committed 72064K, reserved 1114112K
  class space    used 7322K, committed 8000K, reserved 1048576K
}
Event: 15.593 GC heap after
{Heap after GC invocations=175 (full 3):
 PSYoungGen      total 9728K, used 1136K [0x00000000d5580000, 0x00000000d6080000, 0x0000000100000000)
  eden space 8192K, 0% used [0x00000000d5580000,0x00000000d5580000,0x00000000d5d80000)
  from space 1536K, 73% used [0x00000000d5f00000,0x00000000d601c010,0x00000000d6080000)
  to   space 1536K, 0% used [0x00000000d5d80000,0x00000000d5d80000,0x00000000d5f00000)
 ParOldGen       total 126464K, used 125986K [0x0000000080000000, 0x0000000087b80000, 0x00000000d5580000)
  object space 126464K, 99% used [0x0000000080000000,0x0000000087b08b70,0x0000000087b80000)
 Metaspace       used 70490K, committed 72064K, reserved 1114112K
  class space    used 7322K, committed 8000K, reserved 1048576K
}
Event: 15.649 GC heap before
{Heap before GC invocations=176 (full 3):
 PSYoungGen      total 9728K, used 9328K [0x00000000d5580000, 0x00000000d6080000, 0x0000000100000000)
  eden space 8192K, 99% used [0x00000000d5580000,0x00000000d5d7fff0,0x00000000d5d80000)
  from space 1536K, 73% used [0x00000000d5f00000,0x00000000d601c010,0x00000000d6080000)
  to   space 1536K, 0% used [0x00000000d5d80000,0x00000000d5d80000,0x00000000d5f00000)
 ParOldGen       total 126464K, used 125986K [0x0000000080000000, 0x0000000087b80000, 0x00000000d5580000)
  object space 126464K, 99% used [0x0000000080000000,0x0000000087b08b70,0x0000000087b80000)
 Metaspace       used 70881K, committed 72512K, reserved 1114112K
  class space    used 7361K, committed 8064K, reserved 1048576K
}
Event: 15.652 GC heap after
{Heap after GC invocations=176 (full 3):
 PSYoungGen      total 9216K, used 688K [0x00000000d5580000, 0x00000000d5f80000, 0x0000000100000000)
  eden space 8192K, 0% used [0x00000000d5580000,0x00000000d5580000,0x00000000d5d80000)
  from space 1024K, 67% used [0x00000000d5d80000,0x00000000d5e2c030,0x00000000d5e80000)
  to   space 1024K, 0% used [0x00000000d5e80000,0x00000000d5e80000,0x00000000d5f80000)
 ParOldGen       total 126976K, used 126917K [0x0000000080000000, 0x0000000087c00000, 0x00000000d5580000)
  object space 126976K, 99% used [0x0000000080000000,0x0000000087bf14c8,0x0000000087c00000)
 Metaspace       used 70881K, committed 72512K, reserved 1114112K
  class space    used 7361K, committed 8064K, reserved 1048576K
}
Event: 15.792 GC heap before
{Heap before GC invocations=177 (full 3):
 PSYoungGen      total 9216K, used 8879K [0x00000000d5580000, 0x00000000d5f80000, 0x0000000100000000)
  eden space 8192K, 99% used [0x00000000d5580000,0x00000000d5d7ff08,0x00000000d5d80000)
  from space 1024K, 67% used [0x00000000d5d80000,0x00000000d5e2c030,0x00000000d5e80000)
  to   space 1024K, 0% used [0x00000000d5e80000,0x00000000d5e80000,0x00000000d5f80000)
 ParOldGen       total 126976K, used 126917K [0x0000000080000000, 0x0000000087c00000, 0x00000000d5580000)
  object space 126976K, 99% used [0x0000000080000000,0x0000000087bf14c8,0x0000000087c00000)
 Metaspace       used 70998K, committed 72576K, reserved 1114112K
  class space    used 7373K, committed 8064K, reserved 1048576K
}
Event: 15.795 GC heap after
{Heap after GC invocations=177 (full 3):
 PSYoungGen      total 8192K, used 992K [0x00000000d5580000, 0x00000000d6180000, 0x0000000100000000)
  eden space 7168K, 0% used [0x00000000d5580000,0x00000000d5580000,0x00000000d5c80000)
  from space 1024K, 96% used [0x00000000d5e80000,0x00000000d5f78030,0x00000000d5f80000)
  to   space 2048K, 0% used [0x00000000d5c80000,0x00000000d5c80000,0x00000000d5e80000)
 ParOldGen       total 127488K, used 127401K [0x0000000080000000, 0x0000000087c80000, 0x00000000d5580000)
  object space 127488K, 99% used [0x0000000080000000,0x0000000087c6a780,0x0000000087c80000)
 Metaspace       used 70998K, committed 72576K, reserved 1114112K
  class space    used 7373K, committed 8064K, reserved 1048576K
}
Event: 15.866 GC heap before
{Heap before GC invocations=178 (full 3):
 PSYoungGen      total 8192K, used 8160K [0x00000000d5580000, 0x00000000d6180000, 0x0000000100000000)
  eden space 7168K, 100% used [0x00000000d5580000,0x00000000d5c80000,0x00000000d5c80000)
  from space 1024K, 96% used [0x00000000d5e80000,0x00000000d5f78030,0x00000000d5f80000)
  to   space 2048K, 0% used [0x00000000d5c80000,0x00000000d5c80000,0x00000000d5e80000)
 ParOldGen       total 127488K, used 127401K [0x0000000080000000, 0x0000000087c80000, 0x00000000d5580000)
  object space 127488K, 99% used [0x0000000080000000,0x0000000087c6a780,0x0000000087c80000)
 Metaspace       used 71001K, committed 72576K, reserved 1114112K
  class space    used 7373K, committed 8064K, reserved 1048576K
}
Event: 16.818 GC heap after
{Heap after GC invocations=178 (full 3):
 PSYoungGen      total 9216K, used 528K [0x00000000d5580000, 0x00000000d6000000, 0x0000000100000000)
  eden space 7168K, 0% used [0x00000000d5580000,0x00000000d5580000,0x00000000d5c80000)
  from space 2048K, 25% used [0x00000000d5c80000,0x00000000d5d04030,0x00000000d5e80000)
  to   space 1024K, 0% used [0x00000000d5f00000,0x00000000d5f00000,0x00000000d6000000)
 ParOldGen       total 128512K, used 128374K [0x0000000080000000, 0x0000000087d80000, 0x00000000d5580000)
  object space 128512K, 99% used [0x0000000080000000,0x0000000087d5da48,0x0000000087d80000)
 Metaspace       used 71001K, committed 72576K, reserved 1114112K
  class space    used 7373K, committed 8064K, reserved 1048576K
}

