# JRE version: OpenJDK Runtime Environment Temurin-21.0.11+10 (21.0.11+10) (build 21.0.11+10-LTS)
# Java VM: OpenJDK 64-Bit Server VM Temurin-21.0.11+10 (21.0.11+10-LTS, mixed mode, sharing, tiered, compressed oops, compressed class ptrs, parallel gc, windows-amd64)
GC Precious Log:
 CardTable entry size: 512
 CPUs: 12 total, 12 available
 Memory: 7971M
 Large Page Support: Disabled
 NUMA Support: Disabled
 Compressed Oops: Enabled (32-bit)
 Alignments: Space 512K, Generation 512K, Heap 2M
 Heap Min Capacity: 100M
 Heap Initial Capacity: 100M
 Heap Max Capacity: 2G
 Pre-touch: Disabled
 Parallel Workers: 10
Heap:
 PSYoungGen      total 5632K, used 3931K [0x00000000d5580000, 0x00000000d5c80000, 0x0000000100000000)
  eden space 4096K, 83% used [0x00000000d5580000,0x00000000d58db2d8,0x00000000d5980000)
  from space 1536K, 32% used [0x00000000d5980000,0x00000000d59fbb00,0x00000000d5b00000)
  to   space 1024K, 0% used [0x00000000d5b80000,0x00000000d5b80000,0x00000000d5c80000)
 ParOldGen       total 324096K, used 146113K [0x0000000080000000, 0x0000000093c80000, 0x00000000d5580000)
  object space 324096K, 45% used [0x0000000080000000,0x0000000088eb0620,0x0000000093c80000)
 Metaspace       used 79151K, committed 80576K, reserved 1179648K
  class space    used 8167K, committed 8832K, reserved 1048576K
GC Heap History (20 events):
Event: 6760.992 GC heap before
{Heap before GC invocations=626 (full 4):
 PSYoungGen      total 3072K, used 3072K [0x00000000d5580000, 0x00000000d5d80000, 0x0000000100000000)
  eden space 1536K, 100% used [0x00000000d5580000,0x00000000d5700000,0x00000000d5700000)
  from space 1536K, 100% used [0x00000000d5700000,0x00000000d5880000,0x00000000d5880000)
  to   space 3072K, 0% used [0x00000000d5a80000,0x00000000d5a80000,0x00000000d5d80000)
 ParOldGen       total 324096K, used 138922K [0x0000000080000000, 0x0000000093c80000, 0x00000000d5580000)
  object space 324096K, 42% used [0x0000000080000000,0x00000000887aabd0,0x0000000093c80000)
 Metaspace       used 77821K, committed 79424K, reserved 1179648K
  class space    used 7988K, committed 8768K, reserved 1048576K
}
Event: 6760.999 GC heap after
{Heap after GC invocations=626 (full 4):
 PSYoungGen      total 4096K, used 1696K [0x00000000d5580000, 0x00000000d5c80000, 0x0000000100000000)
  eden space 2048K, 0% used [0x00000000d5580000,0x00000000d5580000,0x00000000d5780000)
  from space 2048K, 82% used [0x00000000d5a80000,0x00000000d5c28000,0x00000000d5c80000)
  to   space 2048K, 0% used [0x00000000d5880000,0x00000000d5880000,0x00000000d5a80000)
 ParOldGen       total 324096K, used 140466K [0x0000000080000000, 0x0000000093c80000, 0x00000000d5580000)
  object space 324096K, 43% used [0x0000000080000000,0x000000008892cbd0,0x0000000093c80000)
 Metaspace       used 77821K, committed 79424K, reserved 1179648K
  class space    used 7988K, committed 8768K, reserved 1048576K
}
Event: 6761.053 GC heap before
{Heap before GC invocations=627 (full 4):
 PSYoungGen      total 4096K, used 3744K [0x00000000d5580000, 0x00000000d5c80000, 0x0000000100000000)
  eden space 2048K, 100% used [0x00000000d5580000,0x00000000d5780000,0x00000000d5780000)
  from space 2048K, 82% used [0x00000000d5a80000,0x00000000d5c28000,0x00000000d5c80000)
  to   space 2048K, 0% used [0x00000000d5880000,0x00000000d5880000,0x00000000d5a80000)
 ParOldGen       total 324096K, used 140466K [0x0000000080000000, 0x0000000093c80000, 0x00000000d5580000)
  object space 324096K, 43% used [0x0000000080000000,0x000000008892cbd0,0x0000000093c80000)
 Metaspace       used 77838K, committed 79424K, reserved 1179648K
  class space    used 7994K, committed 8768K, reserved 1048576K
}
Event: 6761.059 GC heap after
{Heap after GC invocations=627 (full 4):
 PSYoungGen      total 3584K, used 916K [0x00000000d5580000, 0x00000000d5b00000, 0x0000000100000000)
  eden space 2560K, 0% used [0x00000000d5580000,0x00000000d5580000,0x00000000d5800000)
  from space 1024K, 89% used [0x00000000d5880000,0x00000000d5965200,0x00000000d5980000)
  to   space 1536K, 0% used [0x00000000d5980000,0x00000000d5980000,0x00000000d5b00000)
 ParOldGen       total 324096K, used 142042K [0x0000000080000000, 0x0000000093c80000, 0x00000000d5580000)
  object space 324096K, 43% used [0x0000000080000000,0x0000000088ab6bd0,0x0000000093c80000)
 Metaspace       used 77838K, committed 79424K, reserved 1179648K
  class space    used 7994K, committed 8768K, reserved 1048576K
}
Event: 6761.142 GC heap before
{Heap before GC invocations=628 (full 4):
 PSYoungGen      total 3584K, used 3476K [0x00000000d5580000, 0x00000000d5b00000, 0x0000000100000000)
  eden space 2560K, 100% used [0x00000000d5580000,0x00000000d5800000,0x00000000d5800000)
  from space 1024K, 89% used [0x00000000d5880000,0x00000000d5965200,0x00000000d5980000)
  to   space 1536K, 0% used [0x00000000d5980000,0x00000000d5980000,0x00000000d5b00000)
 ParOldGen       total 324096K, used 142042K [0x0000000080000000, 0x0000000093c80000, 0x00000000d5580000)
  object space 324096K, 43% used [0x0000000080000000,0x0000000088ab6bd0,0x0000000093c80000)
 Metaspace       used 77849K, committed 79424K, reserved 1179648K
  class space    used 7994K, committed 8768K, reserved 1048576K
}
Event: 6761.196 GC heap after
{Heap after GC invocations=628 (full 4):
 PSYoungGen      total 4096K, used 882K [0x00000000d5580000, 0x00000000d5a80000, 0x0000000100000000)
  eden space 3072K, 0% used [0x00000000d5580000,0x00000000d5580000,0x00000000d5880000)
  from space 1024K, 86% used [0x00000000d5980000,0x00000000d5a5c960,0x00000000d5a80000)
  to   space 1024K, 0% used [0x00000000d5880000,0x00000000d5880000,0x00000000d5980000)
 ParOldGen       total 324096K, used 142871K [0x0000000080000000, 0x0000000093c80000, 0x00000000d5580000)
  object space 324096K, 44% used [0x0000000080000000,0x0000000088b85dd0,0x0000000093c80000)
 Metaspace       used 77849K, committed 79424K, reserved 1179648K
  class space    used 7994K, committed 8768K, reserved 1048576K
}
Event: 6761.295 GC heap before
{Heap before GC invocations=629 (full 4):
 PSYoungGen      total 4096K, used 3954K [0x00000000d5580000, 0x00000000d5a80000, 0x0000000100000000)
  eden space 3072K, 100% used [0x00000000d5580000,0x00000000d5880000,0x00000000d5880000)
  from space 1024K, 86% used [0x00000000d5980000,0x00000000d5a5c960,0x00000000d5a80000)
  to   space 1024K, 0% used [0x00000000d5880000,0x00000000d5880000,0x00000000d5980000)
 ParOldGen       total 324096K, used 142871K [0x0000000080000000, 0x0000000093c80000, 0x00000000d5580000)
  object space 324096K, 44% used [0x0000000080000000,0x0000000088b85dd0,0x0000000093c80000)
 Metaspace       used 77853K, committed 79424K, reserved 1179648K
  class space    used 7994K, committed 8768K, reserved 1048576K
}
Event: 6761.297 GC heap after
{Heap after GC invocations=629 (full 4):
 PSYoungGen      total 4096K, used 608K [0x00000000d5580000, 0x00000000d5b80000, 0x0000000100000000)
  eden space 3072K, 0% used [0x00000000d5580000,0x00000000d5580000,0x00000000d5880000)
  from space 1024K, 59% used [0x00000000d5880000,0x00000000d5918000,0x00000000d5980000)
  to   space 1024K, 0% used [0x00000000d5a80000,0x00000000d5a80000,0x00000000d5b80000)
 ParOldGen       total 324096K, used 143588K [0x0000000080000000, 0x0000000093c80000, 0x00000000d5580000)
  object space 324096K, 44% used [0x0000000080000000,0x0000000088c39270,0x0000000093c80000)
 Metaspace       used 77853K, committed 79424K, reserved 1179648K
  class space    used 7994K, committed 8768K, reserved 1048576K
}
Event: 6761.306 GC heap before
{Heap before GC invocations=630 (full 4):
 PSYoungGen      total 4096K, used 3680K [0x00000000d5580000, 0x00000000d5b80000, 0x0000000100000000)
  eden space 3072K, 100% used [0x00000000d5580000,0x00000000d5880000,0x00000000d5880000)
  from space 1024K, 59% used [0x00000000d5880000,0x00000000d5918000,0x00000000d5980000)
  to   space 1024K, 0% used [0x00000000d5a80000,0x00000000d5a80000,0x00000000d5b80000)
 ParOldGen       total 324096K, used 143588K [0x0000000080000000, 0x0000000093c80000, 0x00000000d5580000)
  object space 324096K, 44% used [0x0000000080000000,0x0000000088c39270,0x0000000093c80000)
 Metaspace       used 77856K, committed 79424K, reserved 1179648K
  class space    used 7994K, committed 8768K, reserved 1048576K
}
Event: 6761.308 GC heap after
{Heap after GC invocations=630 (full 4):
 PSYoungGen      total 5120K, used 448K [0x00000000d5580000, 0x00000000d5b80000, 0x0000000100000000)
  eden space 4096K, 0% used [0x00000000d5580000,0x00000000d5580000,0x00000000d5980000)
  from space 1024K, 43% used [0x00000000d5a80000,0x00000000d5af0020,0x00000000d5b80000)
  to   space 1024K, 0% used [0x00000000d5980000,0x00000000d5980000,0x00000000d5a80000)
 ParOldGen       total 324096K, used 144010K [0x0000000080000000, 0x0000000093c80000, 0x00000000d5580000)
  object space 324096K, 44% used [0x0000000080000000,0x0000000088ca28c8,0x0000000093c80000)
 Metaspace       used 77856K, committed 79424K, reserved 1179648K
  class space    used 7994K, committed 8768K, reserved 1048576K
}
Event: 6761.393 GC heap before
{Heap before GC invocations=631 (full 4):
 PSYoungGen      total 5120K, used 4534K [0x00000000d5580000, 0x00000000d5b80000, 0x0000000100000000)
  eden space 4096K, 99% used [0x00000000d5580000,0x00000000d597d830,0x00000000d5980000)
  from space 1024K, 43% used [0x00000000d5a80000,0x00000000d5af0020,0x00000000d5b80000)
  to   space 1024K, 0% used [0x00000000d5980000,0x00000000d5980000,0x00000000d5a80000)
 ParOldGen       total 324096K, used 144010K [0x0000000080000000, 0x0000000093c80000, 0x00000000d5580000)
  object space 324096K, 44% used [0x0000000080000000,0x0000000088ca28c8,0x0000000093c80000)
 Metaspace       used 78091K, committed 79680K, reserved 1179648K
  class space    used 8018K, committed 8768K, reserved 1048576K
}
Event: 6761.396 GC heap after
{Heap after GC invocations=631 (full 4):
 PSYoungGen      total 5120K, used 555K [0x00000000d5580000, 0x00000000d5b80000, 0x0000000100000000)
  eden space 4096K, 0% used [0x00000000d5580000,0x00000000d5580000,0x00000000d5980000)
  from space 1024K, 54% used [0x00000000d5980000,0x00000000d5a0afe0,0x00000000d5a80000)
  to   space 1024K, 0% used [0x00000000d5a80000,0x00000000d5a80000,0x00000000d5b80000)
 ParOldGen       total 324096K, used 144274K [0x0000000080000000, 0x0000000093c80000, 0x00000000d5580000)
  object space 324096K, 44% used [0x0000000080000000,0x0000000088ce48e8,0x0000000093c80000)
 Metaspace       used 78091K, committed 79680K, reserved 1179648K
  class space    used 8018K, committed 8768K, reserved 1048576K
}
Event: 6761.570 GC heap before
{Heap before GC invocations=632 (full 4):
 PSYoungGen      total 5120K, used 4651K [0x00000000d5580000, 0x00000000d5b80000, 0x0000000100000000)
  eden space 4096K, 100% used [0x00000000d5580000,0x00000000d5980000,0x00000000d5980000)
  from space 1024K, 54% used [0x00000000d5980000,0x00000000d5a0afe0,0x00000000d5a80000)
  to   space 1024K, 0% used [0x00000000d5a80000,0x00000000d5a80000,0x00000000d5b80000)
 ParOldGen       total 324096K, used 144274K [0x0000000080000000, 0x0000000093c80000, 0x00000000d5580000)
  object space 324096K, 44% used [0x0000000080000000,0x0000000088ce48e8,0x0000000093c80000)
 Metaspace       used 78632K, committed 80192K, reserved 1179648K
  class space    used 8084K, committed 8832K, reserved 1048576K
}
Event: 6761.572 GC heap after
{Heap after GC invocations=632 (full 4):
 PSYoungGen      total 4608K, used 320K [0x00000000d5580000, 0x00000000d5b00000, 0x0000000100000000)
  eden space 4096K, 0% used [0x00000000d5580000,0x00000000d5580000,0x00000000d5980000)
  from space 512K, 62% used [0x00000000d5a80000,0x00000000d5ad0000,0x00000000d5b00000)
  to   space 512K, 0% used [0x00000000d5a00000,0x00000000d5a00000,0x00000000d5a80000)
 ParOldGen       total 324096K, used 144670K [0x0000000080000000, 0x0000000093c80000, 0x00000000d5580000)
  object space 324096K, 44% used [0x0000000080000000,0x0000000088d47ae8,0x0000000093c80000)
 Metaspace       used 78632K, committed 80192K, reserved 1179648K
  class space    used 8084K, committed 8832K, reserved 1048576K
}
Event: 6761.612 GC heap before
{Heap before GC invocations=633 (full 4):
 PSYoungGen      total 4608K, used 4416K [0x00000000d5580000, 0x00000000d5b00000, 0x0000000100000000)
  eden space 4096K, 100% used [0x00000000d5580000,0x00000000d5980000,0x00000000d5980000)
  from space 512K, 62% used [0x00000000d5a80000,0x00000000d5ad0000,0x00000000d5b00000)
  to   space 512K, 0% used [0x00000000d5a00000,0x00000000d5a00000,0x00000000d5a80000)
 ParOldGen       total 324096K, used 144670K [0x0000000080000000, 0x0000000093c80000, 0x00000000d5580000)
  object space 324096K, 44% used [0x0000000080000000,0x0000000088d47ae8,0x0000000093c80000)
 Metaspace       used 78836K, committed 80320K, reserved 1179648K
  class space    used 8132K, committed 8832K, reserved 1048576K
}
Event: 6761.617 GC heap after
{Heap after GC invocations=633 (full 4):
 PSYoungGen      total 4608K, used 483K [0x00000000d5580000, 0x00000000d5c80000, 0x0000000100000000)
  eden space 4096K, 0% used [0x00000000d5580000,0x00000000d5580000,0x00000000d5980000)
  from space 512K, 94% used [0x00000000d5a00000,0x00000000d5a78d40,0x00000000d5a80000)
  to   space 1536K, 0% used [0x00000000d5b00000,0x00000000d5b00000,0x00000000d5c80000)
 ParOldGen       total 324096K, used 145508K [0x0000000080000000, 0x0000000093c80000, 0x00000000d5580000)
  object space 324096K, 44% used [0x0000000080000000,0x0000000088e19240,0x0000000093c80000)
 Metaspace       used 78836K, committed 80320K, reserved 1179648K
  class space    used 8132K, committed 8832K, reserved 1048576K
}
Event: 6761.625 GC heap before
{Heap before GC invocations=634 (full 4):
 PSYoungGen      total 4608K, used 4563K [0x00000000d5580000, 0x00000000d5c80000, 0x0000000100000000)
  eden space 4096K, 99% used [0x00000000d5580000,0x00000000d597c0d8,0x00000000d5980000)
  from space 512K, 94% used [0x00000000d5a00000,0x00000000d5a78d40,0x00000000d5a80000)
  to   space 1536K, 0% used [0x00000000d5b00000,0x00000000d5b00000,0x00000000d5c80000)
 ParOldGen       total 324096K, used 145508K [0x0000000080000000, 0x0000000093c80000, 0x00000000d5580000)
  object space 324096K, 44% used [0x0000000080000000,0x0000000088e19240,0x0000000093c80000)
 Metaspace       used 78869K, committed 80384K, reserved 1179648K
  class space    used 8135K, committed 8832K, reserved 1048576K
}
Event: 6761.663 GC heap after
{Heap after GC invocations=634 (full 4):
 PSYoungGen      total 5632K, used 948K [0x00000000d5580000, 0x00000000d5d80000, 0x0000000100000000)
  eden space 4096K, 0% used [0x00000000d5580000,0x00000000d5580000,0x00000000d5980000)
  from space 1536K, 61% used [0x00000000d5b00000,0x00000000d5bed2e8,0x00000000d5c80000)
  to   space 1536K, 0% used [0x00000000d5980000,0x00000000d5980000,0x00000000d5b00000)
 ParOldGen       total 324096K, used 146065K [0x0000000080000000, 0x0000000093c80000, 0x00000000d5580000)
  object space 324096K, 45% used [0x0000000080000000,0x0000000088ea4620,0x0000000093c80000)
 Metaspace       used 78869K, committed 80384K, reserved 1179648K
  class space    used 8135K, committed 8832K, reserved 1048576K
}
Event: 6762.435 GC heap before
{Heap before GC invocations=635 (full 4):
 PSYoungGen      total 5632K, used 5044K [0x00000000d5580000, 0x00000000d5d80000, 0x0000000100000000)
  eden space 4096K, 100% used [0x00000000d5580000,0x00000000d5980000,0x00000000d5980000)
  from space 1536K, 61% used [0x00000000d5b00000,0x00000000d5bed2e8,0x00000000d5c80000)
  to   space 1536K, 0% used [0x00000000d5980000,0x00000000d5980000,0x00000000d5b00000)
 ParOldGen       total 324096K, used 146065K [0x0000000080000000, 0x0000000093c80000, 0x00000000d5580000)
  object space 324096K, 45% used [0x0000000080000000,0x0000000088ea4620,0x0000000093c80000)
 Metaspace       used 79136K, committed 80576K, reserved 1179648K
  class space    used 8167K, committed 8832K, reserved 1048576K
}
Event: 6762.449 GC heap after
{Heap after GC invocations=635 (full 4):
 PSYoungGen      total 5632K, used 494K [0x00000000d5580000, 0x00000000d5c80000, 0x0000000100000000)
  eden space 4096K, 0% used [0x00000000d5580000,0x00000000d5580000,0x00000000d5980000)
  from space 1536K, 32% used [0x00000000d5980000,0x00000000d59fbb00,0x00000000d5b00000)
  to   space 1024K, 0% used [0x00000000d5b80000,0x00000000d5b80000,0x00000000d5c80000)
 ParOldGen       total 324096K, used 146113K [0x0000000080000000, 0x0000000093c80000, 0x00000000d5580000)
  object space 324096K, 45% used [0x0000000080000000,0x0000000088eb0620,0x0000000093c80000)
 Metaspace       used 79136K, committed 80576K, reserved 1179648K
  class space    used 8167K, committed 8832K, reserved 1048576K
}

